########################################################
Check Start Time 13/02/05 10:21:51
ftppp service is not running.Please to check the ftppp
ssh service is running
########################################################
Check Start Time 13/02/05 10:22:09
ftppp service is not running.Please to check the ftppp
ssh service is running
########################################################
Check Start Time 13/02/05 10:23:12
ftppp service is not running.Please to check the ftppp
ssh service is running
########################################################
Check Start Time 13/02/05 10:23:14
ftppp service is not running.Please to check the ftppp
ssh service is running
########################################################
Check Start Time 13/02/05 10:23:16
ftppp service is not running.Please to check the ftppp
ssh service is running
########################################################
Check Start Time 13/02/05 11:04:44
Total Deamon Service = 2
ftppp service = Fail
ssh service = OK
########################################################
Check Start Time 13/02/05 11:11:28
ftppp service not running
Total Deamon Service = 2, Running:0, Not_running:1
ssh service running
Total Deamon Service = 2, Running:1, Not_running:1
########################################################
Check Start Time 13/02/05 11:13:18
ftppp service not running
ssh service running
Total Deamon Service = 2, Running:1, Not_running:1
########################################################
Check Start Time 13/02/05 11:20:46
ftppp service not running
ssh service running
Total Deamon Check Service:2, Running:1, Not_running:1
########################################################
Check Start Time 13/02/05 11:21:28
ftppp service not running
ssh service running
Total Deamon Check Service:2, Running:1, Not_running:1
